This file contains any messages produced by compilers while
running configure, to aid debugging if configure makes a mistake.

It was created by recpt1 configure 1.2.0, which was
generated by GNU Autoconf 2.69.  Invocation command line was

  $ ./configure --enable-b25

## --------- ##
## Platform. ##
## --------- ##

hostname = caspar
uname -m = x86_64
uname -r = 3.10.0-862.6.3.el7.x86_64
uname -s = Linux
uname -v = #1 SMP Tue Jun 26 16:32:21 UTC 2018

/usr/bin/uname -p = x86_64
/bin/uname -X     = unknown

/bin/arch              = x86_64
/usr/bin/arch -k       = unknown
/usr/convex/getsysinfo = unknown
/usr/bin/hostinfo      = unknown
/bin/machine           = unknown
/usr/bin/oslevel       = unknown
/bin/universe          = unknown

PATH: /usr/local/sbin
PATH: /usr/local/bin
PATH: /usr/sbin
PATH: /usr/bin
PATH: /root/bin


## ----------- ##
## Core tests. ##
## ----------- ##

configure:1836: checking for gcc
configure:1852: found /usr/bin/gcc
configure:1863: result: gcc
configure:2092: checking for C compiler version
configure:2101: gcc --version >&5
gcc (GCC) 4.8.5 20150623 (Red Hat 4.8.5-28)
Copyright (C) 2015 Free Software Foundation, Inc.
This is free software; see the source for copying conditions.  There is NO
warranty; not even for MERCHANTABILITY or FITNESS FOR A PARTICULAR PURPOSE.

configure:2112: $? = 0
configure:2101: gcc -v >&5
Using built-in specs.
COLLECT_GCC=gcc
COLLECT_LTO_WRAPPER=/usr/libexec/gcc/x86_64-redhat-linux/4.8.5/lto-wrapper
Target: x86_64-redhat-linux
Configured with: ../configure --prefix=/usr --mandir=/usr/share/man --infodir=/usr/share/info --with-bugurl=http://bugzilla.redhat.com/bugzilla --enable-bootstrap --enable-shared --enable-threads=posix --enable-checking=release --with-system-zlib --enable-__cxa_atexit --disable-libunwind-exceptions --enable-gnu-unique-object --enable-linker-build-id --with-linker-hash-style=gnu --enable-languages=c,c++,objc,obj-c++,java,fortran,ada,go,lto --enable-plugin --enable-initfini-array --disable-libgcj --with-isl=/builddir/build/BUILD/gcc-4.8.5-20150702/obj-x86_64-redhat-linux/isl-install --with-cloog=/builddir/build/BUILD/gcc-4.8.5-20150702/obj-x86_64-redhat-linux/cloog-install --enable-gnu-indirect-function --with-tune=generic --with-arch_32=x86-64 --build=x86_64-redhat-linux
Thread model: posix
gcc version 4.8.5 20150623 (Red Hat 4.8.5-28) (GCC) 
configure:2112: $? = 0
configure:2101: gcc -V >&5
gcc: error: unrecognized command line option '-V'
gcc: fatal error: no input files
compilation terminated.
configure:2112: $? = 4
configure:2101: gcc -qversion >&5
gcc: error: unrecognized command line option '-qversion'
gcc: fatal error: no input files
compilation terminated.
configure:2112: $? = 4
configure:2132: checking whether the C compiler works
configure:2154: gcc    conftest.c  >&5
configure:2158: $? = 0
configure:2206: result: yes
configure:2209: checking for C compiler default output file name
configure:2211: result: a.out
configure:2217: checking for suffix of executables
configure:2224: gcc -o conftest    conftest.c  >&5
configure:2228: $? = 0
configure:2250: result: 
configure:2272: checking whether we are cross compiling
configure:2280: gcc -o conftest    conftest.c  >&5
configure:2284: $? = 0
configure:2291: ./conftest
configure:2295: $? = 0
configure:2310: result: no
configure:2315: checking for suffix of object files
configure:2337: gcc -c   conftest.c >&5
configure:2341: $? = 0
configure:2362: result: o
configure:2366: checking whether we are using the GNU C compiler
configure:2385: gcc -c   conftest.c >&5
configure:2385: $? = 0
configure:2394: result: yes
configure:2403: checking whether gcc accepts -g
configure:2423: gcc -c -g  conftest.c >&5
configure:2423: $? = 0
configure:2464: result: yes
configure:2481: checking for gcc option to accept ISO C89
configure:2544: gcc  -c -g -O2  conftest.c >&5
configure:2544: $? = 0
configure:2557: result: none needed
configure:2582: checking for create_arib_std_b25 in -larib25
configure:2607: gcc -o conftest -g -O2   conftest.c -larib25 -lpcsclite  >&5
configure:2607: $? = 0
configure:2616: result: yes
configure:2635: checking for log10 in -lm
configure:2660: gcc -o conftest -g -O2   conftest.c -lm  -larib25  >&5
conftest.c:17:6: warning: conflicting types for built-in function 'log10' [enabled by default]
 char log10 ();
      ^
configure:2660: $? = 0
configure:2669: result: yes
configure:2680: checking for pthread_kill in -lpthread
configure:2705: gcc -o conftest -g -O2   conftest.c -lpthread  -lm -larib25  >&5
configure:2705: $? = 0
configure:2714: result: yes
configure:2842: creating ./config.status

## ---------------------- ##
## Running config.status. ##
## ---------------------- ##

This file was extended by recpt1 config.status 1.2.0, which was
generated by GNU Autoconf 2.69.  Invocation command line was

  CONFIG_FILES    = 
  CONFIG_HEADERS  = 
  CONFIG_LINKS    = 
  CONFIG_COMMANDS = 
  $ ./config.status 

on caspar

config.status:787: creating Makefile
config.status:787: creating config.h

## ---------------- ##
## Cache variables. ##
## ---------------- ##

ac_cv_c_compiler_gnu=yes
ac_cv_env_CC_set=
ac_cv_env_CC_value=
ac_cv_env_CFLAGS_set=
ac_cv_env_CFLAGS_value=
ac_cv_env_CPPFLAGS_set=
ac_cv_env_CPPFLAGS_value=
ac_cv_env_LDFLAGS_set=
ac_cv_env_LDFLAGS_value=
ac_cv_env_LIBS_set=
ac_cv_env_LIBS_value=
ac_cv_env_build_alias_set=
ac_cv_env_build_alias_value=
ac_cv_env_host_alias_set=
ac_cv_env_host_alias_value=
ac_cv_env_target_alias_set=
ac_cv_env_target_alias_value=
ac_cv_lib_arib25_create_arib_std_b25=yes
ac_cv_lib_m_log10=yes
ac_cv_lib_pthread_pthread_kill=yes
ac_cv_objext=o
ac_cv_prog_ac_ct_CC=gcc
ac_cv_prog_cc_c89=
ac_cv_prog_cc_g=yes

## ----------------- ##
## Output variables. ##
## ----------------- ##

CC='gcc'
CFLAGS='-g -O2'
CPPFLAGS=''
DEFS='-DHAVE_CONFIG_H'
ECHO_C=''
ECHO_N='-n'
ECHO_T=''
EXEEXT=''
LDFLAGS=''
LIBOBJS=''
LIBS='-lpthread -lm -larib25 '
LTLIBOBJS=''
OBJEXT='o'
PACKAGE_BUGREPORT='yaz@honeyplanet.jp'
PACKAGE_NAME='recpt1'
PACKAGE_STRING='recpt1 1.2.0'
PACKAGE_TARNAME='recpt1'
PACKAGE_URL=''
PACKAGE_VERSION='1.2.0'
PATH_SEPARATOR=':'
SHELL='/bin/sh'
ac_ct_CC='gcc'
bindir='${exec_prefix}/bin'
build_alias=''
datadir='${datarootdir}'
datarootdir='${prefix}/share'
docdir='${datarootdir}/doc/${PACKAGE_TARNAME}'
dvidir='${docdir}'
exec_prefix='${prefix}'
host_alias=''
htmldir='${docdir}'
includedir='${prefix}/include'
infodir='${datarootdir}/info'
libdir='${exec_prefix}/lib'
libexecdir='${exec_prefix}/libexec'
localedir='${datarootdir}/locale'
localstatedir='${prefix}/var'
mandir='${datarootdir}/man'
oldincludedir='/usr/include'
pdfdir='${docdir}'
prefix='/usr/local'
program_transform_name='s,x,x,'
psdir='${docdir}'
sbindir='${exec_prefix}/sbin'
sharedstatedir='${prefix}/com'
sysconfdir='${prefix}/etc'
target_alias=''

## ----------- ##
## confdefs.h. ##
## ----------- ##

/* confdefs.h */
#define PACKAGE_NAME "recpt1"
#define PACKAGE_TARNAME "recpt1"
#define PACKAGE_VERSION "1.2.0"
#define PACKAGE_STRING "recpt1 1.2.0"
#define PACKAGE_BUGREPORT "yaz@honeyplanet.jp"
#define PACKAGE_URL ""
#define HAVE_LIBARIB25 1
#define HAVE_LIBM 1
#define HAVE_LIBPTHREAD 1

configure: exit 0
